Command line invocation:
    /Applications/Xcode.app/Contents/Developer/usr/bin/xcodebuild -project DF723.xcodeproj -scheme DF723 -sdk iphonesimulator -destination "platform=iOS Simulator,name=iPhone 15" clean build

Build settings from command line:
    SDKROOT = iphonesimulator26.0

2025-10-22 12:17:06.913 xcodebuild[66625:1134608] [MT] IDERunDestination: Supported platforms for the buildables in the current scheme is empty.
2025-10-22 12:18:07.297 xcodebuild[66625:1134608] Writing error result bundle to /var/folders/d3/_ph42mgs42s1m7dv7lj53sg00000gn/T/ResultBundle_2025-22-10_12-18-0007.xcresult
xcodebuild: error: Unable to find a device matching the provided destination specifier:
		{ platform:iOS Simulator, OS:latest, name:iPhone 15 }

	The requested device could not be found because no available devices matched the request.

	Available destinations for the "DF723" scheme:
		{ platform:iOS, arch:arm64, id:00008030-00094DC62660402E, name:iPhone İOİ }
		{ platform:iOS, arch:arm64, id:00008120-000C3C8C2E68C01E, name:iPhone IOI 14 }
		{ platform:iOS, id:dvtdevice-DVTiPhonePlaceholder-iphoneos:placeholder, name:Any iOS Device }
		{ platform:iOS Simulator, id:dvtdevice-DVTiOSDeviceSimulatorPlaceholder-iphonesimulator:placeholder, name:Any iOS Simulator Device }
		{ platform:iOS Simulator, arch:arm64, id:918B3F06-1C16-4639-849E-0D14822CE8D0, OS:17.0.1, name:iPhone 12 Pro Max }
		{ platform:iOS Simulator, arch:x86_64, id:918B3F06-1C16-4639-849E-0D14822CE8D0, OS:17.0.1, name:iPhone 12 Pro Max }
		{ platform:iOS Simulator, arch:arm64, id:5E545085-533D-461F-9517-26C5C41CC3FB, OS:17.5, name:iPhone 13 Pro Max }
		{ platform:iOS Simulator, arch:x86_64, id:5E545085-533D-461F-9517-26C5C41CC3FB, OS:17.5, name:iPhone 13 Pro Max }
		{ platform:iOS Simulator, arch:arm64, id:05D5F09F-9728-43D1-B153-10E1145FF48E, OS:18.3.1, name:iPhone 15 Pro }
		{ platform:iOS Simulator, arch:x86_64, id:05D5F09F-9728-43D1-B153-10E1145FF48E, OS:18.3.1, name:iPhone 15 Pro }
		{ platform:iOS Simulator, arch:arm64, id:821FA9C8-FDE4-4596-88D8-72CA06E5496A, OS:18.3.1, name:iPhone 15 Pro Max }
		{ platform:iOS Simulator, arch:x86_64, id:821FA9C8-FDE4-4596-88D8-72CA06E5496A, OS:18.3.1, name:iPhone 15 Pro Max }
		{ platform:iOS Simulator, arch:arm64, id:FB2B9404-319C-46AC-A44C-D7C0D97D120F, OS:18.6, name:iPhone 16 Plus }
		{ platform:iOS Simulator, arch:x86_64, id:FB2B9404-319C-46AC-A44C-D7C0D97D120F, OS:18.6, name:iPhone 16 Plus }
		{ platform:iOS Simulator, arch:arm64, id:2CD16FC4-8BD2-4BBD-BB1D-608DC52B756B, OS:18.6, name:iPhone 16 Pro Max }
		{ platform:iOS Simulator, arch:x86_64, id:2CD16FC4-8BD2-4BBD-BB1D-608DC52B756B, OS:18.6, name:iPhone 16 Pro Max }
		{ platform:iOS Simulator, arch:arm64, id:FE20A42A-14A7-4293-B858-C1A3CBBADF52, OS:26.0, name:iPhone 16e }
		{ platform:iOS Simulator, arch:arm64, id:6273D717-D0D2-490E-920B-CA96AE79280D, OS:26.0, name:iPhone 17 }
		{ platform:iOS Simulator, arch:arm64, id:6EF3CDA0-B89A-4290-9E52-734DF8783B73, OS:26.0, name:iPhone 17 Pro }
		{ platform:iOS Simulator, arch:arm64, id:144E411A-26FC-4E34-B317-C4212D062174, OS:26.0, name:iPhone 17 Pro Max }
		{ platform:iOS Simulator, arch:arm64, id:D9E58F04-6B20-4EEF-8E8C-97E4037D8F9B, OS:26.0, name:iPhone Air }
		{ platform:iOS Simulator, arch:arm64, id:CEE0DEE5-B6B0-442D-AE0D-58DEB7D99027, OS:18.3.1, name:iPhone SE (3rd generation) }
		{ platform:iOS Simulator, arch:x86_64, id:CEE0DEE5-B6B0-442D-AE0D-58DEB7D99027, OS:18.3.1, name:iPhone SE (3rd generation) }
